gs1encoders_wrap.c: In function 'Java_org_gs1_gs1encoders_GS1Encoder_gs1encoderGetErrMsgJNI':
gs1encoders_wrap.c:46:39: warning: cast to pointer from integer of different size [-Wint-to-pointer-cast]
   46 |     char *out = gs1_encoder_getErrMsg((gs1_encoder*)ctx);
      |                                       ^
gs1encoders_wrap.c: In function 'Java_org_gs1_gs1encoders_GS1Encoder_gs1encoderInitJNI':
gs1encoders_wrap.c:53:12: warning: cast from pointer to integer of different size [-Wpointer-to-int-cast]
   53 |     return (jlong)gs1_encoder_init(NULL);
      |            ^
gs1encoders_wrap.c: In function 'Java_org_gs1_gs1encoders_GS1Encoder_gs1encoderFreeJNI':
gs1encoders_wrap.c:60:22: warning: cast to pointer from integer of different size [-Wint-to-pointer-cast]
   60 |     gs1_encoder_free((gs1_encoder*)ctx);
      |                      ^
gs1encoders_wrap.c: In function 'Java_org_gs1_gs1encoders_GS1Encoder_gs1encoderGetSymJNI':
gs1encoders_wrap.c:74:31: warning: cast to pointer from integer of different size [-Wint-to-pointer-cast]
   74 |     return gs1_encoder_getSym((gs1_encoder*)ctx);
      |                               ^
gs1encoders_wrap.c: In function 'Java_org_gs1_gs1encoders_GS1Encoder_gs1encoderSetSymJNI':
gs1encoders_wrap.c:82:31: warning: cast to pointer from integer of different size [-Wint-to-pointer-cast]
   82 |     return gs1_encoder_setSym((gs1_encoder*)ctx, sym);
      |                               ^
gs1encoders_wrap.c: In function 'Java_org_gs1_gs1encoders_GS1Encoder_gs1encoderGetAddCheckDigitJNI':
gs1encoders_wrap.c:89:41: warning: cast to pointer from integer of different size [-Wint-to-pointer-cast]
   89 |     return gs1_encoder_getAddCheckDigit((gs1_encoder*)ctx);
      |                                         ^
gs1encoders_wrap.c: In function 'Java_org_gs1_gs1encoders_GS1Encoder_gs1encoderSetAddCheckDigitJNI':
gs1encoders_wrap.c:97:41: warning: cast to pointer from integer of different size [-Wint-to-pointer-cast]
   97 |     return gs1_encoder_setAddCheckDigit((gs1_encoder*)ctx, value);
      |                                         ^
gs1encoders_wrap.c: In function 'Java_org_gs1_gs1encoders_GS1Encoder_gs1encoderGetIncludeDataTitlesInHRIJNI':
gs1encoders_wrap.c:104:50: warning: cast to pointer from integer of different size [-Wint-to-pointer-cast]
  104 |     return gs1_encoder_getIncludeDataTitlesInHRI((gs1_encoder*)ctx);
      |                                                  ^
gs1encoders_wrap.c: In function 'Java_org_gs1_gs1encoders_GS1Encoder_gs1encoderSetIncludeDataTitlesInHRIJNI':
gs1encoders_wrap.c:112:50: warning: cast to pointer from integer of different size [-Wint-to-pointer-cast]
  112 |     return gs1_encoder_setIncludeDataTitlesInHRI((gs1_encoder*)ctx, value);
      |                                                  ^
gs1encoders_wrap.c: In function 'Java_org_gs1_gs1encoders_GS1Encoder_gs1encoderGetPermitUnknownAIsJNI':
gs1encoders_wrap.c:119:44: warning: cast to pointer from integer of different size [-Wint-to-pointer-cast]
  119 |     return gs1_encoder_getPermitUnknownAIs((gs1_encoder*)ctx);
      |                                            ^
gs1encoders_wrap.c: In function 'Java_org_gs1_gs1encoders_GS1Encoder_gs1encoderSetPermitUnknownAIsJNI':
gs1encoders_wrap.c:127:44: warning: cast to pointer from integer of different size [-Wint-to-pointer-cast]
  127 |     return gs1_encoder_setPermitUnknownAIs((gs1_encoder*)ctx, value);
      |                                            ^
gs1encoders_wrap.c: In function 'Java_org_gs1_gs1encoders_GS1Encoder_gs1encoderGetValidationEnabledJNI':
gs1encoders_wrap.c:135:45: warning: cast to pointer from integer of different size [-Wint-to-pointer-cast]
  135 |     return gs1_encoder_getValidationEnabled((gs1_encoder*)ctx, (enum gs1_encoder_validations)validation);
      |                                             ^
gs1encoders_wrap.c: In function 'Java_org_gs1_gs1encoders_GS1Encoder_gs1encoderSetValidationEnabledJNI':
gs1encoders_wrap.c:144:45: warning: cast to pointer from integer of different size [-Wint-to-pointer-cast]
  144 |     return gs1_encoder_setValidationEnabled((gs1_encoder*)ctx, (enum gs1_encoder_validations)validation, value);
      |                                             ^
gs1encoders_wrap.c: In function 'Java_org_gs1_gs1encoders_GS1Encoder_gs1encoderGetValidateAIassociationsJNI':
gs1encoders_wrap.c:153:50: warning: cast to pointer from integer of different size [-Wint-to-pointer-cast]
  153 |     return gs1_encoder_getValidateAIassociations((gs1_encoder*)ctx);
      |                                                  ^
gs1encoders_wrap.c: In function 'Java_org_gs1_gs1encoders_GS1Encoder_gs1encoderSetValidateAIassociationsJNI':
gs1encoders_wrap.c:164:50: warning: cast to pointer from integer of different size [-Wint-to-pointer-cast]
  164 |     return gs1_encoder_setValidateAIassociations((gs1_encoder*)ctx, value);
      |                                                  ^
gs1encoders_wrap.c: In function 'Java_org_gs1_gs1encoders_GS1Encoder_gs1encoderGetDataStrJNI':
gs1encoders_wrap.c:172:40: warning: cast to pointer from integer of different size [-Wint-to-pointer-cast]
  172 |     char *out = gs1_encoder_getDataStr((gs1_encoder*)ctx);
      |                                        ^
gs1encoders_wrap.c: In function 'Java_org_gs1_gs1encoders_GS1Encoder_gs1encoderSetDataStrJNI':
gs1encoders_wrap.c:186:34: warning: cast to pointer from integer of different size [-Wint-to-pointer-cast]
  186 |     ret = gs1_encoder_setDataStr((gs1_encoder*)ctx, str);
      |                                  ^
gs1encoders_wrap.c: In function 'Java_org_gs1_gs1encoders_GS1Encoder_gs1encoderGetAIdataStrJNI':
gs1encoders_wrap.c:198:42: warning: cast to pointer from integer of different size [-Wint-to-pointer-cast]
  198 |     char *out = gs1_encoder_getAIdataStr((gs1_encoder*)ctx);
      |                                          ^
gs1encoders_wrap.c: In function 'Java_org_gs1_gs1encoders_GS1Encoder_gs1encoderSetAIdataStrJNI':
gs1encoders_wrap.c:212:36: warning: cast to pointer from integer of different size [-Wint-to-pointer-cast]
  212 |     ret = gs1_encoder_setAIdataStr((gs1_encoder*)ctx, str);
      |                                    ^
gs1encoders_wrap.c: In function 'Java_org_gs1_gs1encoders_GS1Encoder_gs1encoderGetScanDataJNI':
gs1encoders_wrap.c:224:41: warning: cast to pointer from integer of different size [-Wint-to-pointer-cast]
  224 |     char *out = gs1_encoder_getScanData((gs1_encoder*)ctx);
      |                                         ^
gs1encoders_wrap.c: In function 'Java_org_gs1_gs1encoders_GS1Encoder_gs1encoderSetScanDataJNI':
gs1encoders_wrap.c:238:35: warning: cast to pointer from integer of different size [-Wint-to-pointer-cast]
  238 |     ret = gs1_encoder_setScanData((gs1_encoder*)ctx, str);
      |                                   ^
gs1encoders_wrap.c: In function 'Java_org_gs1_gs1encoders_GS1Encoder_gs1encoderGetErrMarkupJNI':
gs1encoders_wrap.c:250:42: warning: cast to pointer from integer of different size [-Wint-to-pointer-cast]
  250 |     char *out = gs1_encoder_getErrMarkup((gs1_encoder*)ctx);
      |                                          ^
gs1encoders_wrap.c: In function 'Java_org_gs1_gs1encoders_GS1Encoder_gs1encoderGetDLuriJNI':
gs1encoders_wrap.c:265:32: warning: cast to pointer from integer of different size [-Wint-to-pointer-cast]
  265 |     out = gs1_encoder_getDLuri((gs1_encoder*)ctx, (char*)str);
      |                                ^
gs1encoders_wrap.c: In function 'Java_org_gs1_gs1encoders_GS1Encoder_gs1encoderGetHRIJNI':
gs1encoders_wrap.c:279:33: warning: cast to pointer from integer of different size [-Wint-to-pointer-cast]
  279 |     numAIs = gs1_encoder_getHRI((gs1_encoder*)ctx, &hri);
      |                                 ^
gs1encoders_wrap.c: In function 'Java_org_gs1_gs1encoders_GS1Encoder_gs1encoderGetDLignoredQueryParamsJNI':
gs1encoders_wrap.c:295:50: warning: cast to pointer from integer of different size [-Wint-to-pointer-cast]
  295 |     numAIs = gs1_encoder_getDLignoredQueryParams((gs1_encoder*)ctx, &qp);
      |                                                  ^
